Flutter crash report; please file at https://github.com/flutter/flutter/issues.

## command

flutter --no-color run --machine --track-widget-creation --device-id=emulator-5554 lib\main.dart

## exception

RpcException: JSON-RPC error 105: Isolate must be runnable

```
package:json_rpc_2/src/client.dart 110:64              Client.sendRequest
package:json_rpc_2/src/peer.dart 79:15                 Peer.sendRequest
package:flutter_tools/src/vmservice.dart 316:13        VMService._sendRequest
package:flutter_tools/src/vmservice.dart 851:60        VM.invokeRpcRaw
===== asynchronous gap ===========================
package:flutter_tools/src/vmservice.dart 1129:15       Isolate.invokeRpcRaw
package:flutter_tools/src/vmservice.dart 1242:12       Isolate.resume
package:flutter_tools/src/run_hot.dart 445:39          HotRunner._restartFromSources.<fn>
dart:async/zone.dart 1132:38                           _rootRunUnary
dart:async/zone.dart 1029:19                           _CustomZone.runUnary
dart:async/future_impl.dart 126:18                     _FutureListener.handleValue
dart:async/future_impl.dart 639:45                     Future._propagateToListeners.handleValueCallback
dart:async/future_impl.dart 668:32                     Future._propagateToListeners
dart:async/future_impl.dart 473:7                      Future._complete
dart:async/future_impl.dart 51:12                      _SyncCompleter.complete
dart:async-patch/async_patch.dart 28:18                _AsyncAwaitCompleter.complete
dart:async-patch/async_patch.dart 294:13               _completeOnAsyncReturn
package:flutter_tools/src/vmservice.dart               ServiceObject.reload
===== asynchronous gap ===========================
package:flutter_tools/src/run_hot.dart 440:36          HotRunner._restartFromSources
===== asynchronous gap ===========================
package:flutter_tools/src/run_hot.dart 546:46          HotRunner.restart
===== asynchronous gap ===========================
package:flutter_tools/src/commands/daemon.dart 874:19  AppInstance.restart
package:flutter_tools/src/commands/daemon.dart 544:18  AppDomain.restart.<fn>
package:flutter_tools/src/base/context.dart 153:29     AppContext.run.<fn>
===== asynchronous gap ===========================
dart:async/zone.dart 1124:13                           _rootRun
dart:async/zone.dart 1021:19                           _CustomZone.run
dart:async/zone.dart 1516:10                           _runZoned
dart:async/zone.dart 1463:12                           runZoned
package:flutter_tools/src/base/context.dart 152:18     AppContext.run
===== asynchronous gap ===========================
package:flutter_tools/src/commands/daemon.dart 887:20  AppInstance._runInZone
package:flutter_tools/src/commands/daemon.dart 543:32  AppDomain.restart
===== asynchronous gap ===========================
package:flutter_tools/src/commands/daemon.dart 189:34  Domain.handleCommand.<fn>
dart:async/future.dart 224:31                          new Future.sync
package:flutter_tools/src/commands/daemon.dart 186:77  Domain.handleCommand
package:flutter_tools/src/commands/daemon.dart 145:26  Daemon._handleRequest
dart:async/zone.dart 1132:38                           _rootRunUnary
dart:async/zone.dart 1029:19                           _CustomZone.runUnary
dart:async/zone.dart 931:7                             _CustomZone.runUnaryGuarded
dart:async/stream_impl.dart 336:11                     _BufferingStreamSubscription._sendData
dart:async/stream_impl.dart 263:7                      _BufferingStreamSubscription._add
dart:async/stream_pipe.dart 132:11                     _ForwardingStreamSubscription._add
dart:async/stream_pipe.dart 232:10                     _MapStream._handleData
dart:async/stream_pipe.dart 164:13                     _ForwardingStreamSubscription._handleData
dart:async/zone.dart 1132:38                           _rootRunUnary
dart:async/zone.dart 1029:19                           _CustomZone.runUnary
dart:async/zone.dart 931:7                             _CustomZone.runUnaryGuarded
dart:async/stream_impl.dart 336:11                     _BufferingStreamSubscription._sendData
dart:async/stream_impl.dart 263:7                      _BufferingStreamSubscription._add
dart:async/stream_pipe.dart 132:11                     _ForwardingStreamSubscription._add
dart:async/stream_pipe.dart 207:12                     _WhereStream._handleData
dart:async/stream_pipe.dart 164:13                     _ForwardingStreamSubscription._handleData
dart:async/zone.dart 1132:38                           _rootRunUnary
dart:async/zone.dart 1029:19                           _CustomZone.runUnary
dart:async/zone.dart 931:7                             _CustomZone.runUnaryGuarded
dart:async/stream_impl.dart 336:11                     _BufferingStreamSubscription._sendData
dart:async/stream_impl.dart 263:7                      _BufferingStreamSubscription._add
dart:async/stream_transformers.dart 68:11              _SinkTransformerStreamSubscription._add
dart:async/stream_transformers.dart 15:11              _EventSinkWrapper.add
dart:convert/string_conversion.dart 236:11             _StringAdapterSink.add
dart:convert/line_splitter.dart 150:13                 _LineSplitterSink._addLines
dart:convert/line_splitter.dart 125:5                  _LineSplitterSink.addSlice
dart:convert/string_conversion.dart 163:5              StringConversionSinkMixin.add
dart:async/stream_transformers.dart 120:24             _SinkTransformerStreamSubscription._handleData
dart:async/zone.dart 1132:38                           _rootRunUnary
dart:async/zone.dart 1029:19                           _CustomZone.runUnary
dart:async/zone.dart 931:7                             _CustomZone.runUnaryGuarded
dart:async/stream_impl.dart 336:11                     _BufferingStreamSubscription._sendData
dart:async/stream_impl.dart 263:7                      _BufferingStreamSubscription._add
dart:async/stream_transformers.dart 68:11              _SinkTransformerStreamSubscription._add
dart:async/stream_transformers.dart 15:11              _EventSinkWrapper.add
dart:convert/string_conversion.dart 236:11             _StringAdapterSink.add
dart:convert/string_conversion.dart 241:7              _StringAdapterSink.addSlice
dart:convert/string_conversion.dart 312:20             _Utf8ConversionSink.addSlice
dart:convert/string_conversion.dart 305:5              _Utf8ConversionSink.add
dart:convert/chunked_conversion.dart 72:18             _ConverterStreamEventSink.add
dart:async/stream_transformers.dart 120:24             _SinkTransformerStreamSubscription._handleData
dart:async/zone.dart 1132:38                           _rootRunUnary
dart:async/zone.dart 1029:19                           _CustomZone.runUnary
dart:async/zone.dart 931:7                             _CustomZone.runUnaryGuarded
dart:async/stream_impl.dart 336:11                     _BufferingStreamSubscription._sendData
dart:async/stream_impl.dart 263:7                      _BufferingStreamSubscription._add
dart:async/stream_controller.dart 764:19               _SyncStreamController._sendData
dart:async/stream_controller.dart 640:7                _StreamController._add
dart:async/stream_controller.dart 586:5                _StreamController.add
dart:io-patch/socket_patch.dart 1786:41                _Socket._onData
dart:async/zone.dart 1136:13                           _rootRunUnary
dart:async/zone.dart 1029:19                           _CustomZone.runUnary
dart:async/zone.dart 931:7                             _CustomZone.runUnaryGuarded
dart:async/stream_impl.dart 336:11                     _BufferingStreamSubscription._sendData
dart:async/stream_impl.dart 263:7                      _BufferingStreamSubscription._add
dart:async/stream_controller.dart 764:19               _SyncStreamController._sendData
dart:async/stream_controller.dart 640:7                _StreamController._add
dart:async/stream_controller.dart 586:5                _StreamController.add
dart:io-patch/socket_patch.dart 1335:33                new _RawSocket.<fn>
dart:io-patch/socket_patch.dart 856:14                 _NativeSocket.issueReadEvent.issue
dart:async/schedule_microtask.dart 41:21               _microtaskLoop
dart:async/schedule_microtask.dart 50:5                _startMicrotaskLoop
dart:isolate-patch/isolate_patch.dart 116:13           _runPendingImmediateCallback
dart:isolate-patch/isolate_patch.dart 173:5            _RawReceivePortImpl._handleMessage
```

## flutter doctor

```
[✓] Flutter (Channel stable, v1.7.8, on Microsoft Windows [Version 10.0.17134.950], locale en-US)
    • Flutter version 1.7.8 at E:\learn programming\Flutter\flutter
    • Framework revision d51fd86cdb (10 weeks ago), 2019-06-21 22:31:55 -0400
    • Engine revision d004bcd4d6
    • Dart version 2.4.0

[✓] Android toolchain - develop for Android devices (Android SDK version 28.0.3)
    • Android SDK at C:\Users\khale\AppData\Local\Android\Sdk
    • Android NDK location not configured (optional; useful for native profiling support)
    • Platform android-28, build-tools 28.0.3
    • ANDROID_HOME = C:\Users\khale\AppData\Local\Android\Sdk
    • Java binary at: C:\Program Files\Android\Android Studio\jre\bin\java
    • Java version OpenJDK Runtime Environment (build 1.8.0_152-release-1136-b06)
    • All Android licenses accepted.

[✓] Android Studio (version 3.2)
    • Android Studio at C:\Program Files\Android\Android Studio
    • Flutter plugin version 31.1.1
    • Dart plugin version 181.5656
    • Java version OpenJDK Runtime Environment (build 1.8.0_152-release-1136-b06)

[✓] IntelliJ IDEA Community Edition (version 2018.2)
    • IntelliJ at C:\Program Files\JetBrains\IntelliJ IDEA Community Edition 2018.2.4
    • Flutter plugin version 31.1.3
    • Dart plugin version 182.5124

[✓] VS Code (version 1.29.1)
    • VS Code at C:\Users\khale\AppData\Local\Programs\Microsoft VS Code
    • Flutter extension version 2.21.1

[✓] Connected device (1 available)
    • Android SDK built for x86 • emulator-5554 • android-x86 • Android 9 (API 28) (emulator)

• No issues found!
```
